{
  "0 debug pnpm:scope": {
    "selected": 1
  },
  "1 info pnpm": {
    "err": {
      "name": "Error",
      "message": "not found: generate",
      "code": "ENOENT",
      "stack": "Error: not found: generate\n    at getNotFoundError (C:\\Users\\keim_se\\AppData\\Roaming\\npm\\node_modules\\pnpm\\dist\\pnpm.cjs:41555:51)\n    at Function.whichSync [as sync] (C:\\Users\\keim_se\\AppData\\Roaming\\npm\\node_modules\\pnpm\\dist\\pnpm.cjs:41632:13)\n    at getCommandAbsolutePathSync (C:\\Users\\keim_se\\AppData\\Roaming\\npm\\node_modules\\pnpm\\dist\\pnpm.cjs:43197:44)\n    at default_1 (C:\\Users\\keim_se\\AppData\\Roaming\\npm\\node_modules\\pnpm\\dist\\pnpm.cjs:43206:32)\n    at C:\\Users\\keim_se\\AppData\\Roaming\\npm\\node_modules\\pnpm\\dist\\pnpm.cjs:178047:39"
    }
  },
  "2 error pnpm": {
    "code": "ERR_PNPM_RECURSIVE_EXEC_FIRST_FAIL",
    "prefix": "D:\\User\\Documents\\privat\\JS.ORG\\js.org",
    "err": {
      "name": "pnpm",
      "message": "not found: generate",
      "code": "ERR_PNPM_RECURSIVE_EXEC_FIRST_FAIL",
      "stack": "Error: not found: generate\n    at getNotFoundError (C:\\Users\\keim_se\\AppData\\Roaming\\npm\\node_modules\\pnpm\\dist\\pnpm.cjs:41555:51)\n    at Function.whichSync [as sync] (C:\\Users\\keim_se\\AppData\\Roaming\\npm\\node_modules\\pnpm\\dist\\pnpm.cjs:41632:13)\n    at getCommandAbsolutePathSync (C:\\Users\\keim_se\\AppData\\Roaming\\npm\\node_modules\\pnpm\\dist\\pnpm.cjs:43197:44)\n    at default_1 (C:\\Users\\keim_se\\AppData\\Roaming\\npm\\node_modules\\pnpm\\dist\\pnpm.cjs:43206:32)\n    at C:\\Users\\keim_se\\AppData\\Roaming\\npm\\node_modules\\pnpm\\dist\\pnpm.cjs:178047:39"
    }
  }
}